<?xml version="1.0" encoding="UTF-8"?>
<!-- Generated by org.testng.reporters.JUnitReportReporter -->
<testsuite hostname="manish-Latitude-3460" failures="0" tests="63" name="com.reports.testcases.TestFinancialRevenueReportBuilder" time="0.150" errors="1" timestamp="30 Apr 2019 08:27:38 GMT" skipped="62">
  <testcase classname="com.reports.testcases.TestFinancialRevenueReportBuilder" name="setUp" time="0.150">
    <error message="The driver is not executable: /home/manish/Desktop/driver/geckodriver" type="java.lang.IllegalStateException">
      <![CDATA[java.lang.IllegalStateException: The driver is not executable: /home/manish/Desktop/driver/geckodriver
at com.google.common.base.Preconditions.checkState(Preconditions.java:585)
at org.openqa.selenium.remote.service.DriverService.checkExecutable(DriverService.java:150)
at org.openqa.selenium.remote.service.DriverService.findExecutable(DriverService.java:141)
at org.openqa.selenium.firefox.GeckoDriverService.access$100(GeckoDriverService.java:44)
at org.openqa.selenium.firefox.GeckoDriverService$Builder.findDefaultExecutable(GeckoDriverService.java:167)
at org.openqa.selenium.remote.service.DriverService$Builder.build(DriverService.java:355)
at org.openqa.selenium.firefox.FirefoxDriver.toExecutor(FirefoxDriver.java:190)
at org.openqa.selenium.firefox.FirefoxDriver.<init>(FirefoxDriver.java:147)
at org.openqa.selenium.firefox.FirefoxDriver.<init>(FirefoxDriver.java:125)
at com.reports.generics.BaseTest.Initlization(BaseTest.java:23)
at com.reports.testcases.TestLoginPage.<init>(TestLoginPage.java:15)
at com.reports.testcases.TestBuilders.<init>(TestBuilders.java:47)
at com.reports.testcases.TestFinancialRevenueReportBuilder.setUp(TestFinancialRevenueReportBuilder.java:48)
at java.base/jdk.internal.reflect.NativeMethodAccessorImpl.invoke0(Native Method)
at java.base/jdk.internal.reflect.NativeMethodAccessorImpl.invoke(NativeMethodAccessorImpl.java:62)
at java.base/jdk.internal.reflect.DelegatingMethodAccessorImpl.invoke(DelegatingMethodAccessorImpl.java:43)
at java.base/java.lang.reflect.Method.invoke(Method.java:566)
at org.testng.internal.MethodInvocationHelper.invokeMethod(MethodInvocationHelper.java:124)
at org.testng.internal.MethodInvocationHelper.invokeMethodConsideringTimeout(MethodInvocationHelper.java:59)
at org.testng.internal.Invoker.invokeConfigurationMethod(Invoker.java:458)
at org.testng.internal.Invoker.invokeConfigurations(Invoker.java:222)
at org.testng.internal.Invoker.invokeConfigurations(Invoker.java:142)
at org.testng.internal.TestMethodWorker.invokeBeforeClassMethods(TestMethodWorker.java:168)
at org.testng.internal.TestMethodWorker.run(TestMethodWorker.java:105)
at org.testng.TestRunner.privateRun(TestRunner.java:648)
at org.testng.TestRunner.run(TestRunner.java:505)
at org.testng.SuiteRunner.runTest(SuiteRunner.java:455)
at org.testng.SuiteRunner.runSequentially(SuiteRunner.java:450)
at org.testng.SuiteRunner.privateRun(SuiteRunner.java:415)
at org.testng.SuiteRunner.run(SuiteRunner.java:364)
at org.testng.SuiteRunnerWorker.runSuite(SuiteRunnerWorker.java:52)
at org.testng.SuiteRunnerWorker.run(SuiteRunnerWorker.java:84)
at org.testng.TestNG.runSuitesSequentially(TestNG.java:1208)
at org.testng.TestNG.runSuitesLocally(TestNG.java:1137)
at org.testng.TestNG.runSuites(TestNG.java:1049)
at org.testng.TestNG.run(TestNG.java:1017)
at org.testng.remote.AbstractRemoteTestNG.run(AbstractRemoteTestNG.java:115)
at org.testng.remote.RemoteTestNG.initAndRun(RemoteTestNG.java:251)
at org.testng.remote.RemoteTestNG.main(RemoteTestNG.java:77)
]]>
    </error>
  </testcase> <!-- setUp -->
  <testcase classname="com.reports.testcases.TestFinancialRevenueReportBuilder" name="test3MonthPdf" time="0.000">
    <skipped/>
  </testcase> <!-- test3MonthPdf -->
  <testcase classname="com.reports.testcases.TestFinancialRevenueReportBuilder" name="test3MonthCsv" time="0.000">
    <skipped/>
  </testcase> <!-- test3MonthCsv -->
  <testcase classname="com.reports.testcases.TestFinancialRevenueReportBuilder" name="test3MonthText" time="0.000">
    <skipped/>
  </testcase> <!-- test3MonthText -->
  <testcase classname="com.reports.testcases.TestFinancialRevenueReportBuilder" name="testDateFieldsBlank_pdf" time="0.000">
    <skipped/>
  </testcase> <!-- testDateFieldsBlank_pdf -->
  <testcase classname="com.reports.testcases.TestFinancialRevenueReportBuilder" name="testDateFieldsBlank_csv" time="0.000">
    <skipped/>
  </testcase> <!-- testDateFieldsBlank_csv -->
  <testcase classname="com.reports.testcases.TestFinancialRevenueReportBuilder" name="testDateFieldsBlank_text" time="0.000">
    <skipped/>
  </testcase> <!-- testDateFieldsBlank_text -->
  <testcase classname="com.reports.testcases.TestFinancialRevenueReportBuilder" name="testFromDateFieldBlank_pdf" time="0.000">
    <skipped/>
  </testcase> <!-- testFromDateFieldBlank_pdf -->
  <testcase classname="com.reports.testcases.TestFinancialRevenueReportBuilder" name="testToDateFieldBlank_pdf" time="0.000">
    <skipped/>
  </testcase> <!-- testToDateFieldBlank_pdf -->
  <testcase classname="com.reports.testcases.TestFinancialRevenueReportBuilder" name="testFromDateFieldBlank_cvs" time="0.000">
    <skipped/>
  </testcase> <!-- testFromDateFieldBlank_cvs -->
  <testcase classname="com.reports.testcases.TestFinancialRevenueReportBuilder" name="testToDateFieldBlank_cvs" time="0.000">
    <skipped/>
  </testcase> <!-- testToDateFieldBlank_cvs -->
  <testcase classname="com.reports.testcases.TestFinancialRevenueReportBuilder" name="testFromDateFieldBlank_text" time="0.000">
    <skipped/>
  </testcase> <!-- testFromDateFieldBlank_text -->
  <testcase classname="com.reports.testcases.TestFinancialRevenueReportBuilder" name="testToDateFieldBlank_text" time="0.000">
    <skipped/>
  </testcase> <!-- testToDateFieldBlank_text -->
  <testcase classname="com.reports.testcases.TestFinancialRevenueReportBuilder" name="testDateFieldsBlank_favSaveButton" time="0.000">
    <skipped/>
  </testcase> <!-- testDateFieldsBlank_favSaveButton -->
  <testcase classname="com.reports.testcases.TestFinancialRevenueReportBuilder" name="testFromDateFieldBlank_favSaveButton" time="0.000">
    <skipped/>
  </testcase> <!-- testFromDateFieldBlank_favSaveButton -->
  <testcase classname="com.reports.testcases.TestFinancialRevenueReportBuilder" name="testToDateFieldBlank_favSaveButton" time="0.000">
    <skipped/>
  </testcase> <!-- testToDateFieldBlank_favSaveButton -->
  <testcase classname="com.reports.testcases.TestFinancialRevenueReportBuilder" name="checkForThisFinancialYear" time="0.000">
    <skipped/>
  </testcase> <!-- checkForThisFinancialYear -->
  <testcase classname="com.reports.testcases.TestFinancialRevenueReportBuilder" name="checkForPreviousFinancialYear" time="0.000">
    <skipped/>
  </testcase> <!-- checkForPreviousFinancialYear -->
  <testcase classname="com.reports.testcases.TestFinancialRevenueReportBuilder" name="verifyDateFieldsForYesterdayOptions" time="0.000">
    <skipped/>
  </testcase> <!-- verifyDateFieldsForYesterdayOptions -->
  <testcase classname="com.reports.testcases.TestFinancialRevenueReportBuilder" name="verifyDateFieldsForTodayOptions" time="0.000">
    <skipped/>
  </testcase> <!-- verifyDateFieldsForTodayOptions -->
  <testcase classname="com.reports.testcases.TestFinancialRevenueReportBuilder" name="verifyDateFieldsForPreviousMonthOptions" time="0.000">
    <skipped/>
  </testcase> <!-- verifyDateFieldsForPreviousMonthOptions -->
  <testcase classname="com.reports.testcases.TestFinancialRevenueReportBuilder" name="verifyDateFieldsForThisMonthOptions" time="0.000">
    <skipped/>
  </testcase> <!-- verifyDateFieldsForThisMonthOptions -->
  <testcase classname="com.reports.testcases.TestFinancialRevenueReportBuilder" name="verifyDateFieldsForFromPastToFuture_pdf" time="0.000">
    <skipped/>
  </testcase> <!-- verifyDateFieldsForFromPastToFuture_pdf -->
  <testcase classname="com.reports.testcases.TestFinancialRevenueReportBuilder" name="verifyDateFieldsForFromPastToFuture_csv" time="0.000">
    <skipped/>
  </testcase> <!-- verifyDateFieldsForFromPastToFuture_csv -->
  <testcase classname="com.reports.testcases.TestFinancialRevenueReportBuilder" name="verifyDateFieldsForFromPastToFuture_text" time="0.000">
    <skipped/>
  </testcase> <!-- verifyDateFieldsForFromPastToFuture_text -->
  <testcase classname="com.reports.testcases.TestFinancialRevenueReportBuilder" name="verifyDateFieldsForFromPastToFuture_fav" time="0.000">
    <skipped/>
  </testcase> <!-- verifyDateFieldsForFromPastToFuture_fav -->
  <testcase classname="com.reports.testcases.TestFinancialRevenueReportBuilder" name="vreifyForYesterdaysDateOnReFreshing" time="0.000">
    <skipped/>
  </testcase> <!-- vreifyForYesterdaysDateOnReFreshing -->
  <testcase classname="com.reports.testcases.TestFinancialRevenueReportBuilder" name="checkAutoCustomDateOption" time="0.000">
    <skipped/>
  </testcase> <!-- checkAutoCustomDateOption -->
  <testcase classname="com.reports.testcases.TestFinancialRevenueReportBuilder" name="verifyAllowedReportDurationDropdown" time="0.000">
    <skipped/>
  </testcase> <!-- verifyAllowedReportDurationDropdown -->
  <testcase classname="com.reports.testcases.TestFinancialRevenueReportBuilder" name="verifyAllowedReportDurationDropdown" time="0.000">
    <skipped/>
  </testcase> <!-- verifyAllowedReportDurationDropdown -->
  <testcase classname="com.reports.testcases.TestFinancialRevenueReportBuilder" name="verifyAllowedReportDurationDropdown" time="0.000">
    <skipped/>
  </testcase> <!-- verifyAllowedReportDurationDropdown -->
  <testcase classname="com.reports.testcases.TestFinancialRevenueReportBuilder" name="verifyAllowedReportDurationDropdown" time="0.000">
    <skipped/>
  </testcase> <!-- verifyAllowedReportDurationDropdown -->
  <testcase classname="com.reports.testcases.TestFinancialRevenueReportBuilder" name="pdfTest" time="0.000">
    <skipped/>
  </testcase> <!-- pdfTest -->
  <testcase classname="com.reports.testcases.TestFinancialRevenueReportBuilder" name="pdfTest" time="0.000">
    <skipped/>
  </testcase> <!-- pdfTest -->
  <testcase classname="com.reports.testcases.TestFinancialRevenueReportBuilder" name="pdfTest" time="0.000">
    <skipped/>
  </testcase> <!-- pdfTest -->
  <testcase classname="com.reports.testcases.TestFinancialRevenueReportBuilder" name="pdfTest" time="0.000">
    <skipped/>
  </testcase> <!-- pdfTest -->
  <testcase classname="com.reports.testcases.TestFinancialRevenueReportBuilder" name="pdfTest" time="0.000">
    <skipped/>
  </testcase> <!-- pdfTest -->
  <testcase classname="com.reports.testcases.TestFinancialRevenueReportBuilder" name="pdfTest" time="0.000">
    <skipped/>
  </testcase> <!-- pdfTest -->
  <testcase classname="com.reports.testcases.TestFinancialRevenueReportBuilder" name="pdfTest" time="0.000">
    <skipped/>
  </testcase> <!-- pdfTest -->
  <testcase classname="com.reports.testcases.TestFinancialRevenueReportBuilder" name="pdfTest" time="0.000">
    <skipped/>
  </testcase> <!-- pdfTest -->
  <testcase classname="com.reports.testcases.TestFinancialRevenueReportBuilder" name="createFavouritesForAllowedReportDurationoption" time="0.000">
    <skipped/>
  </testcase> <!-- createFavouritesForAllowedReportDurationoption -->
  <testcase classname="com.reports.testcases.TestFinancialRevenueReportBuilder" name="createFavouritesForAllowedReportDurationoption" time="0.000">
    <skipped/>
  </testcase> <!-- createFavouritesForAllowedReportDurationoption -->
  <testcase classname="com.reports.testcases.TestFinancialRevenueReportBuilder" name="createFavouritesForAllowedReportDurationoption" time="0.000">
    <skipped/>
  </testcase> <!-- createFavouritesForAllowedReportDurationoption -->
  <testcase classname="com.reports.testcases.TestFinancialRevenueReportBuilder" name="createFavouritesForAllowedReportDurationoption" time="0.000">
    <skipped/>
  </testcase> <!-- createFavouritesForAllowedReportDurationoption -->
  <testcase classname="com.reports.testcases.TestFinancialRevenueReportBuilder" name="checkFavouriteReportsForDefaultDate_option1" time="0.000">
    <skipped/>
  </testcase> <!-- checkFavouriteReportsForDefaultDate_option1 -->
  <testcase classname="com.reports.testcases.TestFinancialRevenueReportBuilder" name="checkFavouriteReportsForDefaultDate_option2" time="0.000">
    <skipped/>
  </testcase> <!-- checkFavouriteReportsForDefaultDate_option2 -->
  <testcase classname="com.reports.testcases.TestFinancialRevenueReportBuilder" name="checkFavouriteReportsForDefaultDate_option3" time="0.000">
    <skipped/>
  </testcase> <!-- checkFavouriteReportsForDefaultDate_option3 -->
  <testcase classname="com.reports.testcases.TestFinancialRevenueReportBuilder" name="checkFavouriteReportsForDefaultDate_optionSelect" time="0.000">
    <skipped/>
  </testcase> <!-- checkFavouriteReportsForDefaultDate_optionSelect -->
  <testcase classname="com.reports.testcases.TestFinancialRevenueReportBuilder" name="switchToTheUser" time="0.000">
    <skipped/>
  </testcase> <!-- switchToTheUser -->
  <testcase classname="com.reports.testcases.TestFinancialRevenueReportBuilder" name="check1MonthFavPDFReport" time="0.000">
    <skipped/>
  </testcase> <!-- check1MonthFavPDFReport -->
  <testcase classname="com.reports.testcases.TestFinancialRevenueReportBuilder" name="check2MonthFavPDFReport" time="0.000">
    <skipped/>
  </testcase> <!-- check2MonthFavPDFReport -->
  <testcase classname="com.reports.testcases.TestFinancialRevenueReportBuilder" name="check3MonthFavPDFReport" time="0.000">
    <skipped/>
  </testcase> <!-- check3MonthFavPDFReport -->
  <testcase classname="com.reports.testcases.TestFinancialRevenueReportBuilder" name="chekForCorporateOffice" time="0.000">
    <skipped/>
  </testcase> <!-- chekForCorporateOffice -->
  <testcase classname="com.reports.testcases.TestFinancialRevenueReportBuilder" name="chekForCorporateOffice" time="0.000">
    <skipped/>
  </testcase> <!-- chekForCorporateOffice -->
  <testcase classname="com.reports.testcases.TestFinancialRevenueReportBuilder" name="chekForCorporateOffice" time="0.000">
    <skipped/>
  </testcase> <!-- chekForCorporateOffice -->
  <testcase classname="com.reports.testcases.TestFinancialRevenueReportBuilder" name="chekForCorporateOffice" time="0.000">
    <skipped/>
  </testcase> <!-- chekForCorporateOffice -->
  <testcase classname="com.reports.testcases.TestFinancialRevenueReportBuilder" name="chekForCorporateOffice" time="0.000">
    <skipped/>
  </testcase> <!-- chekForCorporateOffice -->
  <testcase classname="com.reports.testcases.TestFinancialRevenueReportBuilder" name="chekForCorporateOffice" time="0.000">
    <skipped/>
  </testcase> <!-- chekForCorporateOffice -->
  <testcase classname="com.reports.testcases.TestFinancialRevenueReportBuilder" name="chekForCorporateOffice" time="0.000">
    <skipped/>
  </testcase> <!-- chekForCorporateOffice -->
  <testcase classname="com.reports.testcases.TestFinancialRevenueReportBuilder" name="chekForCorporateOffice" time="0.000">
    <skipped/>
  </testcase> <!-- chekForCorporateOffice -->
  <testcase classname="com.reports.testcases.TestFinancialRevenueReportBuilder" name="chekForCorporateOffice_fav1" time="0.000">
    <skipped/>
  </testcase> <!-- chekForCorporateOffice_fav1 -->
  <testcase classname="com.reports.testcases.TestFinancialRevenueReportBuilder" name="chekForCorporateOffice_fav2" time="0.000">
    <skipped/>
  </testcase> <!-- chekForCorporateOffice_fav2 -->
  <testcase classname="com.reports.testcases.TestFinancialRevenueReportBuilder" name="chekForCorporateOffice_fav3" time="0.000">
    <skipped/>
  </testcase> <!-- chekForCorporateOffice_fav3 -->
</testsuite> <!-- com.reports.testcases.TestFinancialRevenueReportBuilder -->
